Reading netlist file: "F:\Project\Sipeed\FPGA\Tang_Primer\CPU\CPU_PPL_INT\impl\gwsynthesis\top.vg"
Parsing netlist file "F:\Project\Sipeed\FPGA\Tang_Primer\CPU\CPU_PPL_INT\impl\gwsynthesis\top.vg" completed
Processing netlist completed
Reading constraint file: "F:\Project\Sipeed\FPGA\Tang_Primer\CPU\CPU_PPL_INT\src\top.cst"
Physical Constraint parsed completed
Running placement......
[10%] Placement Phase 0 completed
[20%] Placement Phase 1 completed
[30%] Placement Phase 2 completed
[50%] Placement Phase 3 completed
Running routing......
[60%] Routing Phase 0 completed
[70%] Routing Phase 1 completed
[80%] Routing Phase 2 completed
[90%] Routing Phase 3 completed
Running timing analysis......
[95%] Timing analysis completed
Placement and routing completed
Bitstream generation in progress......
Bitstream generation completed
Running power analysis......
[100%] Power analysis completed
Generate file "F:\Project\Sipeed\FPGA\Tang_Primer\CPU\CPU_PPL_INT\impl\pnr\top.power.html" completed
Generate file "F:\Project\Sipeed\FPGA\Tang_Primer\CPU\CPU_PPL_INT\impl\pnr\top.pin.html" completed
Generate file "F:\Project\Sipeed\FPGA\Tang_Primer\CPU\CPU_PPL_INT\impl\pnr\top.rpt.html" completed
Generate file "F:\Project\Sipeed\FPGA\Tang_Primer\CPU\CPU_PPL_INT\impl\pnr\top.rpt.txt" completed
Generate file "F:\Project\Sipeed\FPGA\Tang_Primer\CPU\CPU_PPL_INT\impl\pnr\top.tr.html" completed
Tue Sep 17 13:11:54 2024

